Arguments: 
  C:\Program Files\nodejs\node.exe C:\Users\seatb\AppData\Roaming\npm\node_modules\yarn\bin\yarn.js add -D @sveltejs/adapter-netlify

PATH: 
  C:\Program Files\Microsoft\jdk-11.0.18.10-hotspot\bin;C:\Python311\Scripts\;C:\Python311\;C:\Program Files (x86)\Common Files\Intel\Shared Libraries\redist\intel64\compiler;C:\Program Files\Common Files\Oracle\Java\javapath;C:\Program Files (x86)\Common Files\Oracle\Java\javapath;A:\Program Files\Python\Scripts\;A:\Program Files\Python\;C:\WINDOWS\system32;C:\WINDOWS;C:\WINDOWS\System32\Wbem;C:\WINDOWS\System32\WindowsPowerShell\v1.0\;C:\WINDOWS\System32\OpenSSH\;C:\ProgramData\chocolatey\bin;C:\ProgramData\ComposerSetup\bin;C:\Users\seatb\AppData\Local\Pub\Cache\bin;C:\OpenSSL-Win64\OpenSSL\bin;C:\Program Files\Docker\Docker\resources\bin;export PATH=A:\Program Files\VsCode\VsCode\bin:$PATH;A:\Program Files\VsCode\VsCode\bin;A:\mongodb-windows-x86_64-6.0.2-mongosh1.6.0\bin;C:\Program Files\dotnet\;C:\Program Files\nodejs\;C:\Program Files\Microsoft SQL Server\150\Tools\Binn\;C:\Program Files\Microsoft SQL Server\Client SDK\ODBC\170\Tools\Binn\;C:\Program Files (x86)\dotnet\;C:\Program Files (x86)\Microsoft SQL Server\160\Tools\Binn\;C:\Program Files\Microsoft SQL Server\160\Tools\Binn\;C:\Program Files\Microsoft SQL Server\160\DTS\Binn\;C:\Program Files (x86)\Microsoft SQL Server\160\DTS\Binn\;C:\Program Files\Azure Data Studio\bin;C:\Program Files\Git\cmd;C:\Users\seatb\.cargo\bin;C:\Users\seatb\scoop\shims;C:\Users\seatb\AppData\Local\Microsoft\WindowsApps;A:\Program Files\Pycharm\PyCharm Community Edition 2022.2\bin;A:\Program Files\Java JDK\jdk-18.0.2\bin;A:\Program Files\Flutter\flutter\bin;A:\Program Files\Dart\dart-sdk\bin;A:\Program Files\heroku\bin;C:\Users\seatb\AppData\Roaming\Composer\vendor\bin;A:\Program Files\JetBrains\IntelliJ IDEA Community Edition 2022.2.3\bin;C:\Users\seatb\AppData\Local\Programs\oh-my-posh\bin;C:\Users\seatb\AppData\Local\Pub\Cache\bin;A:\compiler\mingw64\bin;A:\compiler\mingw32\bin;A:\Program Files\Microsoft VS Code Insiders\bin;C:\OpenSSL-Win64\OpenSSL\bin;A:\Program Files\VsCode\VsCode\bin;C:\Users\seatb\.dotnet\tools;C:\Users\seatb\AppData\Roaming\Python\Python39\Scripts;C:\Users\seatb\AppData\Roaming\npm;C:\Users\seatb\.dotnet\tools;C:\Program Files\Azure Data Studio\bin;A:\Users\seatb\AppData\Local\Programs\Microsoft VS Code\bin

Yarn version: 
  1.22.19

Node version: 
  18.18.0

Platform: 
  win32 x64

Trace: 
  Error: connect ETIMEDOUT 2606:4700::6810:1f22:443
      at TCPConnectWrap.afterConnect [as oncomplete] (node:net:1555:16)

npm manifest: 
  {
  	"name": "wk5lab4",
  	"version": "0.0.1",
  	"private": true,
  	"scripts": {
  		"dev": "vite dev",
  		"build": "vite build",
  		"preview": "vite preview",
  		"check": "svelte-kit sync && svelte-check --tsconfig ./jsconfig.json",
  		"check:watch": "svelte-kit sync && svelte-check --tsconfig ./jsconfig.json --watch",
  		"test": "playwright test",
  		"lint": "prettier --plugin-search-dir . --check .",
  		"format": "prettier --plugin-search-dir . --write ."
  	},
  	"devDependencies": {
  		"@playwright/test": "1.25.0",
  		"@sveltejs/kit": "next",
  		"prettier": "^2.6.2",
  		"prettier-plugin-svelte": "^2.7.0",
  		"svelte": "^3.44.0",
  		"svelte-check": "^2.7.1",
  		"typescript": "^4.7.4",
  		"vite": "^3.1.0"
  	},
  	"type": "module",
  	"dependencies": {
  		"@sveltejs/adapter-auto": "^1.0.0-next.89",
  		"boxicons": "^2.1.4",
  		"dotenv": "^16.0.3"
  	}
  }

yarn manifest: 
  No manifest

Lockfile: 
  No lockfile
